[ 2025-10-20 21:06:56,737 ] 160 numexpr.utils - INFO - NumExpr defaulting to 8 threads.
[ 2025-10-20 21:08:11,101 ] 42 root - INFO - Start data Ingestion
[ 2025-10-20 21:08:21,776 ] 62 root - INFO - Performed train test split on the dataframe
[ 2025-10-20 21:08:21,776 ] 64 root - INFO - Exited split_data_as_train_test method of Data_Ingestion class
[ 2025-10-20 21:08:21,776 ] 72 root - INFO - Exporting train and test file path.
[ 2025-10-20 21:08:21,928 ] 81 root - INFO - Exported train and test file path.
[ 2025-10-20 21:08:21,928 ] 45 root - INFO - Data Ingestion completed and artifact: DataIngestionArtifact(trained_file_path='Artifacts\\10_20_2025_21_06_57\\data_ingestion\\ingested\\train.csv', test_file_path='Artifacts\\10_20_2025_21_06_57\\data_ingestion\\ingested\\test.csv')
[ 2025-10-20 21:08:21,967 ] 55 root - INFO - Initiate the data Validation
[ 2025-10-20 21:08:22,064 ] 34 root - INFO - Required number of columns:2
[ 2025-10-20 21:08:22,064 ] 35 root - INFO - Data frame has columns:31
[ 2025-10-20 21:08:22,064 ] 34 root - INFO - Required number of columns:2
[ 2025-10-20 21:08:22,064 ] 35 root - INFO - Data frame has columns:31
[ 2025-10-20 21:08:22,395 ] 65 root - INFO - Entered initiate_data_transformation method of DataTransformation class
[ 2025-10-20 21:08:22,395 ] 67 root - INFO - Starting data transformation
[ 2025-10-20 21:08:22,464 ] 49 root - INFO - Entered get_data_transformer_object method of Transformation class
[ 2025-10-20 21:08:22,464 ] 55 root - INFO - Initialise KNNImputer with {'missing_values': nan, 'n_neighbors': 3, 'weights': 'uniform'}
[ 2025-10-20 21:08:22,490 ] 46 root - INFO - Entered the save_object method of MainUtils class
[ 2025-10-20 21:08:22,495 ] 50 root - INFO - Exited the save_object method of MainUtils class
[ 2025-10-20 21:08:22,495 ] 46 root - INFO - Entered the save_object method of MainUtils class
[ 2025-10-20 21:08:22,495 ] 50 root - INFO - Exited the save_object method of MainUtils class
[ 2025-10-20 21:15:20,245 ] 46 root - INFO - Entered the save_object method of MainUtils class
[ 2025-10-20 21:15:20,245 ] 50 root - INFO - Exited the save_object method of MainUtils class
[ 2025-10-20 21:15:20,245 ] 46 root - INFO - Entered the save_object method of MainUtils class
[ 2025-10-20 21:15:20,336 ] 50 root - INFO - Exited the save_object method of MainUtils class
[ 2025-10-20 21:15:20,336 ] 152 root - INFO - Model trainer artifact: ModelTrainerArtifact(trained_model_file_path='Artifacts\\10_20_2025_21_06_57\\model_trainer\\trained_model\\model.pkl', train_metric_artifact=ClassificationMetricArtifact(f1_score=0.9919044727787897, precision_score=0.9897011308562197, recall_score=0.9941176470588236), test_metric_artifact=ClassificationMetricArtifact(f1_score=0.970113085621971, precision_score=0.9615692554043235, recall_score=0.9788101059494703))
