[ 2025-10-20 21:32:28,215 ] 160 numexpr.utils - INFO - NumExpr defaulting to 8 threads.
[ 2025-10-20 21:32:46,217 ] 42 root - INFO - Start data Ingestion
[ 2025-10-20 21:32:56,363 ] 62 root - INFO - Performed train test split on the dataframe
[ 2025-10-20 21:32:56,363 ] 64 root - INFO - Exited split_data_as_train_test method of Data_Ingestion class
[ 2025-10-20 21:32:56,363 ] 72 root - INFO - Exporting train and test file path.
[ 2025-10-20 21:32:56,486 ] 81 root - INFO - Exported train and test file path.
[ 2025-10-20 21:32:56,487 ] 45 root - INFO - Data Ingestion completed and artifact: DataIngestionArtifact(trained_file_path='Artifacts\\10_20_2025_21_32_28\\data_ingestion\\ingested\\train.csv', test_file_path='Artifacts\\10_20_2025_21_32_28\\data_ingestion\\ingested\\test.csv')
[ 2025-10-20 21:32:56,502 ] 55 root - INFO - Initiate the data Validation
[ 2025-10-20 21:32:56,589 ] 34 root - INFO - Required number of columns:2
[ 2025-10-20 21:32:56,589 ] 35 root - INFO - Data frame has columns:31
[ 2025-10-20 21:32:56,589 ] 34 root - INFO - Required number of columns:2
[ 2025-10-20 21:32:56,589 ] 35 root - INFO - Data frame has columns:31
[ 2025-10-20 21:32:56,817 ] 65 root - INFO - Entered initiate_data_transformation method of DataTransformation class
[ 2025-10-20 21:32:56,817 ] 67 root - INFO - Starting data transformation
[ 2025-10-20 21:32:56,872 ] 49 root - INFO - Entered get_data_transformer_object method of Transformation class
[ 2025-10-20 21:32:56,872 ] 55 root - INFO - Initialise KNNImputer with {'missing_values': nan, 'n_neighbors': 3, 'weights': 'uniform'}
[ 2025-10-20 21:32:56,889 ] 46 root - INFO - Entered the save_object method of MainUtils class
[ 2025-10-20 21:32:56,894 ] 50 root - INFO - Exited the save_object method of MainUtils class
[ 2025-10-20 21:32:56,894 ] 46 root - INFO - Entered the save_object method of MainUtils class
[ 2025-10-20 21:32:56,897 ] 50 root - INFO - Exited the save_object method of MainUtils class
[ 2025-10-20 21:40:24,915 ] 46 root - INFO - Entered the save_object method of MainUtils class
[ 2025-10-20 21:40:24,916 ] 50 root - INFO - Exited the save_object method of MainUtils class
[ 2025-10-20 21:40:24,917 ] 46 root - INFO - Entered the save_object method of MainUtils class
[ 2025-10-20 21:40:24,988 ] 50 root - INFO - Exited the save_object method of MainUtils class
[ 2025-10-20 21:40:24,988 ] 152 root - INFO - Model trainer artifact: ModelTrainerArtifact(trained_model_file_path='Artifacts\\10_20_2025_21_32_28\\model_trainer\\trained_model\\model.pkl', train_metric_artifact=ClassificationMetricArtifact(f1_score=0.991360257183042, precision_score=0.9887775551102205, recall_score=0.9939564867042707), test_metric_artifact=ClassificationMetricArtifact(f1_score=0.9759535655058044, precision_score=0.9655455291222313, recall_score=0.9865884325230512))
